1663176101434	geckodriver	INFO	Listening on 127.0.0.1:50587
1663176104506	mozrunner::runner	INFO	Running command: "C:\\Program Files\\Mozilla Firefox\\firefox.exe" "--marionette" "--remote-debugging-port" "50588" "--remote-allow-hosts" "localhost" "-no-remote" "-profile" "C:\\Users\\KTIMOF~1\\AppData\\Local\\Temp\\rust_mozprofiledyAWTO"
1663176105821	Marionette	INFO	Marionette enabled
1663176105825	Marionette	INFO	Listening on port 50608
WebDriver BiDi listening on ws://localhost:50588
Read port: 50608
1663176105902	RemoteAgent	WARN	TLS certificate errors will be ignored for this session
console.warn: SearchSettings: "get: No settings file exists, new profile?" (new NotFoundError("Could not open the file at C:\\Users\\KTIMOF~1\\AppData\\Local\\Temp\\rust_mozprofiledyAWTO\\search.json.mozlz4", (void 0)))
DevTools listening on ws://localhost:50588/devtools/browser/20e2989f-a49e-402f-b86a-73b01c90c008
1663176115564	Marionette	INFO	Stopped listening on port 50608
console.warn: TopSitesFeed: Failed to fetch data from Contile server: NetworkError when attempting to fetch resource.
1663176132516	geckodriver	INFO	Listening on 127.0.0.1:50673
1663176135575	mozrunner::runner	INFO	Running command: "C:\\Program Files\\Mozilla Firefox\\firefox.exe" "--marionette" "--remote-debugging-port" "50674" "--remote-allow-hosts" "localhost" "-no-remote" "-profile" "C:\\Users\\KTIMOF~1\\AppData\\Local\\Temp\\rust_mozprofileMVkong"
1663176135849	Marionette	INFO	Marionette enabled
1663176135853	Marionette	INFO	Listening on port 50685
WebDriver BiDi listening on ws://localhost:50674
Read port: 50685
1663176135994	RemoteAgent	WARN	TLS certificate errors will be ignored for this session
console.warn: SearchSettings: "get: No settings file exists, new profile?" (new NotFoundError("Could not open the file at C:\\Users\\KTIMOF~1\\AppData\\Local\\Temp\\rust_mozprofileMVkong\\search.json.mozlz4", (void 0)))
DevTools listening on ws://localhost:50674/devtools/browser/aead03bc-d26c-4a61-8c37-a7e9badf49ca
JavaScript error: resource://gre/modules/URIFixup.jsm, line 292: NS_ERROR_FAILURE: Should pass a non-null uri
1663176139459	Marionette	INFO	Stopped listening on port 50685
console.warn: TopSitesFeed: Failed to fetch data from Contile server: NetworkError when attempting to fetch resource.
